Determining if the pthread_create exist failed with the following output:
Change Dir: /home/alex/catkin_ws/build/CMakeFiles/CMakeTmp

Run Build Command:/usr/bin/make "cmTryCompileExec1564230470/fast"
/usr/bin/make -f CMakeFiles/cmTryCompileExec1564230470.dir/build.make CMakeFiles/cmTryCompileExec1564230470.dir/build
make[1]: Entering directory `/home/alex/catkin_ws/build/CMakeFiles/CMakeTmp'
/usr/bin/cmake -E cmake_progress_report /home/alex/catkin_ws/build/CMakeFiles/CMakeTmp/CMakeFiles 1
Building C object CMakeFiles/cmTryCompileExec1564230470.dir/CheckSymbolExists.c.o
/usr/bin/cc    -o CMakeFiles/cmTryCompileExec1564230470.dir/CheckSymbolExists.c.o   -c /home/alex/catkin_ws/build/CMakeFiles/CMakeTmp/CheckSymbolExists.c
Linking C executable cmTryCompileExec1564230470
/usr/bin/cmake -E cmake_link_script CMakeFiles/cmTryCompileExec1564230470.dir/link.txt --verbose=1
/usr/bin/cc       CMakeFiles/cmTryCompileExec1564230470.dir/CheckSymbolExists.c.o  -o cmTryCompileExec1564230470 -rdynamic 
CMakeFiles/cmTryCompileExec1564230470.dir/CheckSymbolExists.c.o: In function `main':
CheckSymbolExists.c:(.text+0xa): undefined reference to `pthread_create'
collect2: error: ld returned 1 exit status
make[1]: Leaving directory `/home/alex/catkin_ws/build/CMakeFiles/CMakeTmp'
make[1]: *** [cmTryCompileExec1564230470] Error 1
make: *** [cmTryCompileExec1564230470/fast] Error 2

File /home/alex/catkin_ws/build/CMakeFiles/CMakeTmp/CheckSymbolExists.c:
/* */
#include <pthread.h>

int main(int argc, char** argv)
{
  (void)argv;
#ifndef pthread_create
  return ((int*)(&pthread_create))[argc];
#else
  (void)argc;
  return 0;
#endif
}

Determining if the function pthread_create exists in the pthreads failed with the following output:
Change Dir: /home/alex/catkin_ws/build/CMakeFiles/CMakeTmp

Run Build Command:/usr/bin/make "cmTryCompileExec3639695929/fast"
/usr/bin/make -f CMakeFiles/cmTryCompileExec3639695929.dir/build.make CMakeFiles/cmTryCompileExec3639695929.dir/build
make[1]: Entering directory `/home/alex/catkin_ws/build/CMakeFiles/CMakeTmp'
/usr/bin/cmake -E cmake_progress_report /home/alex/catkin_ws/build/CMakeFiles/CMakeTmp/CMakeFiles 1
Building C object CMakeFiles/cmTryCompileExec3639695929.dir/CheckFunctionExists.c.o
/usr/bin/cc   -DCHECK_FUNCTION_EXISTS=pthread_create   -o CMakeFiles/cmTryCompileExec3639695929.dir/CheckFunctionExists.c.o   -c /usr/share/cmake-2.8/Modules/CheckFunctionExists.c
Linking C executable cmTryCompileExec3639695929
/usr/bin/cmake -E cmake_link_script CMakeFiles/cmTryCompileExec3639695929.dir/link.txt --verbose=1
/usr/bin/cc   -DCHECK_FUNCTION_EXISTS=pthread_create    CMakeFiles/cmTryCompileExec3639695929.dir/CheckFunctionExists.c.o  -o cmTryCompileExec3639695929 -rdynamic -lpthreads 
/usr/bin/ld: cannot find -lpthreads
collect2: error: ld returned 1 exit status
make[1]: *** [cmTryCompileExec3639695929] Error 1
make[1]: Leaving directory `/home/alex/catkin_ws/build/CMakeFiles/CMakeTmp'
make: *** [cmTryCompileExec3639695929/fast] Error 2


